# JRE version: OpenJDK Runtime Environment (17.0.7) (build 17.0.7+0-b2043.56-10550314)
# Java VM: OpenJDK 64-Bit Server VM (17.0.7+0-b2043.56-10550314, mixed mode, tiered, compressed oops, compressed class ptrs, g1 gc, windows-amd64)
GC Precious Log:
 CPUs: 4 total, 4 available
 Memory: 8056M
 Large Page Support: Disabled
 NUMA Support: Disabled
 Compressed Oops: Enabled (32-bit)
 Heap Region Size: 1M
 Heap Min Capacity: 8M
 Heap Initial Capacity: 126M
 Heap Max Capacity: 2G
 Pre-touch: Disabled
 Parallel Workers: 4
 Concurrent Workers: 1
 Concurrent Refinement Workers: 4
 Periodic GC: Disabled
Heap:
 garbage-first heap   total 109568K, used 71221K [0x0000000080000000, 0x0000000100000000)
  region size 1024K, 10 young (10240K), 1 survivors (1024K)
 Metaspace       used 76643K, committed 77248K, reserved 1179648K
  class space    used 10236K, committed 10496K, reserved 1048576K
GC Heap History (20 events):
Event: 17.805 GC heap before
{Heap before GC invocations=33 (full 0):
 garbage-first heap   total 92160K, used 70794K [0x0000000080000000, 0x0000000100000000)
  region size 1024K, 22 young (22528K), 2 survivors (2048K)
 Metaspace       used 63057K, committed 63616K, reserved 1114112K
  class space    used 8439K, committed 8704K, reserved 1048576K
}
Event: 17.810 GC heap after
{Heap after GC invocations=34 (full 0):
 garbage-first heap   total 92160K, used 51249K [0x0000000080000000, 0x0000000100000000)
  region size 1024K, 3 young (3072K), 3 survivors (3072K)
 Metaspace       used 63057K, committed 63616K, reserved 1114112K
  class space    used 8439K, committed 8704K, reserved 1048576K
}
Event: 19.646 GC heap before
{Heap before GC invocations=35 (full 0):
 garbage-first heap   total 92160K, used 64561K [0x0000000080000000, 0x0000000100000000)
  region size 1024K, 17 young (17408K), 3 survivors (3072K)
 Metaspace       used 65342K, committed 65920K, reserved 1114112K
  class space    used 8723K, committed 9024K, reserved 1048576K
}
Event: 19.652 GC heap after
{Heap after GC invocations=36 (full 0):
 garbage-first heap   total 92160K, used 52940K [0x0000000080000000, 0x0000000100000000)
  region size 1024K, 3 young (3072K), 3 survivors (3072K)
 Metaspace       used 65342K, committed 65920K, reserved 1114112K
  class space    used 8723K, committed 9024K, reserved 1048576K
}
Event: 19.818 GC heap before
{Heap before GC invocations=37 (full 0):
 garbage-first heap   total 97280K, used 65228K [0x0000000080000000, 0x0000000100000000)
  region size 1024K, 12 young (12288K), 3 survivors (3072K)
 Metaspace       used 65347K, committed 65920K, reserved 1114112K
  class space    used 8723K, committed 9024K, reserved 1048576K
}
Event: 19.823 GC heap after
{Heap after GC invocations=38 (full 0):
 garbage-first heap   total 97280K, used 58762K [0x0000000080000000, 0x0000000100000000)
  region size 1024K, 3 young (3072K), 3 survivors (3072K)
 Metaspace       used 65347K, committed 65920K, reserved 1114112K
  class space    used 8723K, committed 9024K, reserved 1048576K
}
Event: 20.315 GC heap before
{Heap before GC invocations=39 (full 0):
 garbage-first heap   total 109568K, used 76170K [0x0000000080000000, 0x0000000100000000)
  region size 1024K, 18 young (18432K), 3 survivors (3072K)
 Metaspace       used 66361K, committed 67008K, reserved 1114112K
  class space    used 8866K, committed 9152K, reserved 1048576K
}
Event: 20.319 GC heap after
{Heap after GC invocations=40 (full 0):
 garbage-first heap   total 109568K, used 56056K [0x0000000080000000, 0x0000000100000000)
  region size 1024K, 2 young (2048K), 2 survivors (2048K)
 Metaspace       used 66361K, committed 67008K, reserved 1114112K
  class space    used 8866K, committed 9152K, reserved 1048576K
}
Event: 21.176 GC heap before
{Heap before GC invocations=40 (full 0):
 garbage-first heap   total 109568K, used 79608K [0x0000000080000000, 0x0000000100000000)
  region size 1024K, 25 young (25600K), 2 survivors (2048K)
 Metaspace       used 68151K, committed 68736K, reserved 1114112K
  class space    used 9104K, committed 9408K, reserved 1048576K
}
Event: 21.187 GC heap after
{Heap after GC invocations=41 (full 0):
 garbage-first heap   total 109568K, used 57389K [0x0000000080000000, 0x0000000100000000)
  region size 1024K, 4 young (4096K), 4 survivors (4096K)
 Metaspace       used 68151K, committed 68736K, reserved 1114112K
  class space    used 9104K, committed 9408K, reserved 1048576K
}
Event: 23.274 GC heap before
{Heap before GC invocations=42 (full 0):
 garbage-first heap   total 109568K, used 80941K [0x0000000080000000, 0x0000000100000000)
  region size 1024K, 28 young (28672K), 4 survivors (4096K)
 Metaspace       used 70440K, committed 71040K, reserved 1114112K
  class space    used 9429K, committed 9728K, reserved 1048576K
}
Event: 23.279 GC heap after
{Heap after GC invocations=43 (full 0):
 garbage-first heap   total 109568K, used 58351K [0x0000000080000000, 0x0000000100000000)
  region size 1024K, 3 young (3072K), 3 survivors (3072K)
 Metaspace       used 70440K, committed 71040K, reserved 1114112K
  class space    used 9429K, committed 9728K, reserved 1048576K
}
Event: 25.635 GC heap before
{Heap before GC invocations=43 (full 0):
 garbage-first heap   total 109568K, used 84975K [0x0000000080000000, 0x0000000100000000)
  region size 1024K, 29 young (29696K), 3 survivors (3072K)
 Metaspace       used 73735K, committed 74368K, reserved 1114112K
  class space    used 9851K, committed 10176K, reserved 1048576K
}
Event: 25.643 GC heap after
{Heap after GC invocations=44 (full 0):
 garbage-first heap   total 109568K, used 59686K [0x0000000080000000, 0x0000000100000000)
  region size 1024K, 3 young (3072K), 3 survivors (3072K)
 Metaspace       used 73735K, committed 74368K, reserved 1114112K
  class space    used 9851K, committed 10176K, reserved 1048576K
}
Event: 27.326 GC heap before
{Heap before GC invocations=45 (full 0):
 garbage-first heap   total 109568K, used 84262K [0x0000000080000000, 0x0000000100000000)
  region size 1024K, 28 young (28672K), 3 survivors (3072K)
 Metaspace       used 75200K, committed 75776K, reserved 1179648K
  class space    used 10041K, committed 10304K, reserved 1048576K
}
Event: 27.335 GC heap after
{Heap after GC invocations=46 (full 0):
 garbage-first heap   total 109568K, used 61411K [0x0000000080000000, 0x0000000100000000)
  region size 1024K, 4 young (4096K), 4 survivors (4096K)
 Metaspace       used 75200K, committed 75776K, reserved 1179648K
  class space    used 10041K, committed 10304K, reserved 1048576K
}
Event: 27.363 GC heap before
{Heap before GC invocations=46 (full 0):
 garbage-first heap   total 109568K, used 62435K [0x0000000080000000, 0x0000000100000000)
  region size 1024K, 5 young (5120K), 4 survivors (4096K)
 Metaspace       used 75208K, committed 75776K, reserved 1179648K
  class space    used 10042K, committed 10304K, reserved 1048576K
}
Event: 27.370 GC heap after
{Heap after GC invocations=47 (full 0):
 garbage-first heap   total 109568K, used 61795K [0x0000000080000000, 0x0000000100000000)
  region size 1024K, 1 young (1024K), 1 survivors (1024K)
 Metaspace       used 75208K, committed 75776K, reserved 1179648K
  class space    used 10042K, committed 10304K, reserved 1048576K
}
Event: 27.983 GC heap before
{Heap before GC invocations=47 (full 0):
 garbage-first heap   total 109568K, used 72035K [0x0000000080000000, 0x0000000100000000)
  region size 1024K, 13 young (13312K), 1 survivors (1024K)
 Metaspace       used 76051K, committed 76608K, reserved 1179648K
  class space    used 10167K, committed 10432K, reserved 1048576K
}
Event: 27.985 GC heap after
{Heap after GC invocations=48 (full 0):
 garbage-first heap   total 109568K, used 62005K [0x0000000080000000, 0x0000000100000000)
  region size 1024K, 1 young (1024K), 1 survivors (1024K)
 Metaspace       used 76051K, committed 76608K, reserved 1179648K
  class space    used 10167K, committed 10432K, reserved 1048576K
}

