# JRE version: OpenJDK Runtime Environment (17.0.7) (build 17.0.7+0-b2043.56-10550314)
# Java VM: OpenJDK 64-Bit Server VM (17.0.7+0-b2043.56-10550314, mixed mode, tiered, compressed oops, compressed class ptrs, g1 gc, windows-amd64)
GC Precious Log:
 CPUs: 4 total, 4 available
 Memory: 8056M
 Large Page Support: Disabled
 NUMA Support: Disabled
 Compressed Oops: Enabled (32-bit)
 Heap Region Size: 1M
 Heap Min Capacity: 8M
 Heap Initial Capacity: 126M
 Heap Max Capacity: 2G
 Pre-touch: Disabled
 Parallel Workers: 4
 Concurrent Workers: 1
 Concurrent Refinement Workers: 4
 Periodic GC: Disabled
Heap:
 garbage-first heap   total 532480K, used 409455K [0x0000000080000000, 0x0000000100000000)
  region size 1024K, 94 young (96256K), 4 survivors (4096K)
 Metaspace       used 201608K, committed 202816K, reserved 1245184K
  class space    used 26413K, committed 27008K, reserved 1048576K
GC Heap History (20 events):
Event: 412.172 GC heap before
{Heap before GC invocations=59 (full 0):
 garbage-first heap   total 417792K, used 345455K [0x0000000080000000, 0x0000000100000000)
  region size 1024K, 79 young (80896K), 8 survivors (8192K)
 Metaspace       used 182612K, committed 183744K, reserved 1245184K
  class space    used 23726K, committed 24320K, reserved 1048576K
}
Event: 412.191 GC heap after
{Heap after GC invocations=60 (full 0):
 garbage-first heap   total 417792K, used 282284K [0x0000000080000000, 0x0000000100000000)
  region size 1024K, 9 young (9216K), 9 survivors (9216K)
 Metaspace       used 182612K, committed 183744K, reserved 1245184K
  class space    used 23726K, committed 24320K, reserved 1048576K
}
Event: 413.727 GC heap before
{Heap before GC invocations=60 (full 0):
 garbage-first heap   total 417792K, used 349868K [0x0000000080000000, 0x0000000100000000)
  region size 1024K, 74 young (75776K), 9 survivors (9216K)
 Metaspace       used 186512K, committed 187648K, reserved 1245184K
  class space    used 24307K, committed 24896K, reserved 1048576K
}
Event: 413.744 GC heap after
{Heap after GC invocations=61 (full 0):
 garbage-first heap   total 417792K, used 281202K [0x0000000080000000, 0x0000000100000000)
  region size 1024K, 3 young (3072K), 3 survivors (3072K)
 Metaspace       used 186512K, committed 187648K, reserved 1245184K
  class space    used 24307K, committed 24896K, reserved 1048576K
}
Event: 415.276 GC heap before
{Heap before GC invocations=61 (full 0):
 garbage-first heap   total 417792K, used 351858K [0x0000000080000000, 0x0000000100000000)
  region size 1024K, 73 young (74752K), 3 survivors (3072K)
 Metaspace       used 194230K, committed 195456K, reserved 1245184K
  class space    used 25530K, committed 26112K, reserved 1048576K
}
Event: 415.287 GC heap after
{Heap after GC invocations=62 (full 0):
 garbage-first heap   total 417792K, used 284839K [0x0000000080000000, 0x0000000100000000)
  region size 1024K, 7 young (7168K), 7 survivors (7168K)
 Metaspace       used 194230K, committed 195456K, reserved 1245184K
  class space    used 25530K, committed 26112K, reserved 1048576K
}
Event: 416.925 GC heap before
{Heap before GC invocations=62 (full 0):
 garbage-first heap   total 417792K, used 354471K [0x0000000080000000, 0x0000000100000000)
  region size 1024K, 76 young (77824K), 7 survivors (7168K)
 Metaspace       used 199105K, committed 200256K, reserved 1245184K
  class space    used 26167K, committed 26752K, reserved 1048576K
}
Event: 416.939 GC heap after
{Heap after GC invocations=63 (full 0):
 garbage-first heap   total 417792K, used 285341K [0x0000000080000000, 0x0000000100000000)
  region size 1024K, 5 young (5120K), 5 survivors (5120K)
 Metaspace       used 199105K, committed 200256K, reserved 1245184K
  class space    used 26167K, committed 26752K, reserved 1048576K
}
Event: 418.697 GC heap before
{Heap before GC invocations=63 (full 0):
 garbage-first heap   total 417792K, used 358045K [0x0000000080000000, 0x0000000100000000)
  region size 1024K, 77 young (78848K), 5 survivors (5120K)
 Metaspace       used 199555K, committed 200768K, reserved 1245184K
  class space    used 26193K, committed 26816K, reserved 1048576K
}
Event: 418.789 GC heap after
{Heap after GC invocations=64 (full 0):
 garbage-first heap   total 417792K, used 285428K [0x0000000080000000, 0x0000000100000000)
  region size 1024K, 5 young (5120K), 5 survivors (5120K)
 Metaspace       used 199555K, committed 200768K, reserved 1245184K
  class space    used 26193K, committed 26816K, reserved 1048576K
}
Event: 421.412 GC heap before
{Heap before GC invocations=64 (full 0):
 garbage-first heap   total 417792K, used 361204K [0x0000000080000000, 0x0000000100000000)
  region size 1024K, 79 young (80896K), 5 survivors (5120K)
 Metaspace       used 199742K, committed 200960K, reserved 1245184K
  class space    used 26217K, committed 26816K, reserved 1048576K
}
Event: 421.475 GC heap after
{Heap after GC invocations=65 (full 0):
 garbage-first heap   total 417792K, used 285412K [0x0000000080000000, 0x0000000100000000)
  region size 1024K, 5 young (5120K), 5 survivors (5120K)
 Metaspace       used 199742K, committed 200960K, reserved 1245184K
  class space    used 26217K, committed 26816K, reserved 1048576K
}
Event: 425.982 GC heap before
{Heap before GC invocations=65 (full 0):
 garbage-first heap   total 417792K, used 373476K [0x0000000080000000, 0x0000000100000000)
  region size 1024K, 81 young (82944K), 5 survivors (5120K)
 Metaspace       used 200853K, committed 202048K, reserved 1245184K
  class space    used 26304K, committed 26880K, reserved 1048576K
}
Event: 426.007 GC heap after
{Heap after GC invocations=66 (full 0):
 garbage-first heap   total 417792K, used 301793K [0x0000000080000000, 0x0000000100000000)
  region size 1024K, 10 young (10240K), 10 survivors (10240K)
 Metaspace       used 200853K, committed 202048K, reserved 1245184K
  class space    used 26304K, committed 26880K, reserved 1048576K
}
Event: 426.410 GC heap before
{Heap before GC invocations=66 (full 0):
 garbage-first heap   total 417792K, used 330465K [0x0000000080000000, 0x0000000100000000)
  region size 1024K, 23 young (23552K), 10 survivors (10240K)
 Metaspace       used 201070K, committed 202304K, reserved 1245184K
  class space    used 26347K, committed 26944K, reserved 1048576K
}
Event: 426.510 GC heap after
{Heap after GC invocations=67 (full 0):
 garbage-first heap   total 417792K, used 316072K [0x0000000080000000, 0x0000000100000000)
  region size 1024K, 6 young (6144K), 6 survivors (6144K)
 Metaspace       used 201070K, committed 202304K, reserved 1245184K
  class space    used 26347K, committed 26944K, reserved 1048576K
}
Event: 431.604 GC heap before
{Heap before GC invocations=68 (full 0):
 garbage-first heap   total 532480K, used 365224K [0x0000000080000000, 0x0000000100000000)
  region size 1024K, 49 young (50176K), 6 survivors (6144K)
 Metaspace       used 201111K, committed 202304K, reserved 1245184K
  class space    used 26351K, committed 26944K, reserved 1048576K
}
Event: 431.858 GC heap after
{Heap after GC invocations=69 (full 0):
 garbage-first heap   total 532480K, used 328743K [0x0000000080000000, 0x0000000100000000)
  region size 1024K, 7 young (7168K), 7 survivors (7168K)
 Metaspace       used 201111K, committed 202304K, reserved 1245184K
  class space    used 26351K, committed 26944K, reserved 1048576K
}
Event: 435.119 GC heap before
{Heap before GC invocations=69 (full 0):
 garbage-first heap   total 532480K, used 347175K [0x0000000080000000, 0x0000000100000000)
  region size 1024K, 26 young (26624K), 7 survivors (7168K)
 Metaspace       used 201523K, committed 202752K, reserved 1245184K
  class space    used 26410K, committed 27008K, reserved 1048576K
}
Event: 435.276 GC heap after
{Heap after GC invocations=70 (full 0):
 garbage-first heap   total 532480K, used 318319K [0x0000000080000000, 0x0000000100000000)
  region size 1024K, 4 young (4096K), 4 survivors (4096K)
 Metaspace       used 201523K, committed 202752K, reserved 1245184K
  class space    used 26410K, committed 27008K, reserved 1048576K
}

